\BOOKMARK [1][-]{section.1}{\376\377\000I\000n\000t\000r\000o\000d\000u\000c\000t\000i\000o\000n}{}% 1
\BOOKMARK [1][-]{section.2}{\376\377\000R\000e\000l\000a\000t\000e\000d\000\040\000L\000i\000t\000e\000r\000a\000t\000u\000r\000e}{}% 2
\BOOKMARK [2][-]{subsection.2.1}{\376\377\000E\000n\000d\000o\000g\000e\000n\000o\000u\000s\000\040\000F\000r\000a\000g\000i\000l\000i\000t\000y\000\040\000a\000n\000d\000\040\000t\000h\000e\000\040\000V\000o\000l\000a\000t\000i\000l\000i\000t\000y\000\040\000P\000a\000r\000a\000d\000o\000x}{section.2}% 3
\BOOKMARK [2][-]{subsection.2.2}{\376\377\000S\000p\000e\000c\000t\000r\000a\000l\000\040\000M\000e\000t\000h\000o\000d\000s\000\040\000a\000n\000d\000\040\000M\000a\000r\000k\000e\000t\000\040\000D\000i\000m\000e\000n\000s\000i\000o\000n\000a\000l\000i\000t\000y}{section.2}% 4
\BOOKMARK [2][-]{subsection.2.3}{\376\377\000D\000i\000v\000e\000r\000s\000i\000f\000i\000c\000a\000t\000i\000o\000n\000\040\000a\000n\000d\000\040\000C\000o\000m\000m\000o\000n\000\040\000E\000x\000p\000o\000s\000u\000r\000e}{section.2}% 5
\BOOKMARK [1][-]{section.3}{\376\377\000A\000n\000a\000l\000y\000t\000i\000c\000a\000l\000\040\000F\000r\000a\000m\000e\000w\000o\000r\000k}{}% 6
\BOOKMARK [2][-]{subsection.3.1}{\376\377\000T\000h\000e\000\040\000I\000d\000e\000a\000:\000\040\000M\000a\000r\000k\000e\000t\000s\000\040\000a\000s\000\040\000V\000a\000r\000i\000a\000b\000l\000e\000-\000D\000i\000m\000e\000n\000s\000i\000o\000n\000\040\000S\000y\000s\000t\000e\000m\000s}{section.3}% 7
\BOOKMARK [2][-]{subsection.3.2}{\376\377\000M\000e\000a\000s\000u\000r\000i\000n\000g\000\040\000D\000i\000m\000e\000n\000s\000i\000o\000n\000a\000l\000i\000t\000y\000:\000\040\000S\000p\000e\000c\000t\000r\000a\000l\000\040\000E\000n\000t\000r\000o\000p\000y}{section.3}% 8
\BOOKMARK [2][-]{subsection.3.3}{\376\377\000T\000r\000a\000c\000k\000i\000n\000g\000\040\000F\000r\000a\000g\000i\000l\000i\000t\000y\000\040\000O\000v\000e\000r\000\040\000T\000i\000m\000e\000:\000\040\000A\000c\000c\000u\000m\000u\000l\000a\000t\000e\000d\000\040\000S\000p\000e\000c\000t\000r\000a\000l\000\040\000F\000r\000a\000g\000i\000l\000i\000t\000y}{section.3}% 9
\BOOKMARK [2][-]{subsection.3.4}{\376\377\000T\000h\000e\000\040\000R\000o\000l\000e\000\040\000o\000f\000\040\000C\000o\000n\000n\000e\000c\000t\000i\000v\000i\000t\000y}{section.3}% 10
\BOOKMARK [2][-]{subsection.3.5}{\376\377\000T\000w\000o\000\040\000R\000e\000g\000i\000m\000e\000s}{section.3}% 11
\BOOKMARK [2][-]{subsection.3.6}{\376\377\000T\000e\000s\000t\000a\000b\000l\000e\000\040\000H\000y\000p\000o\000t\000h\000e\000s\000e\000s}{section.3}% 12
\BOOKMARK [2][-]{subsection.3.7}{\376\377\000A\000\040\000M\000o\000d\000e\000l\000\040\000o\000f\000\040\000E\000n\000d\000o\000g\000e\000n\000o\000u\000s\000\040\000F\000r\000a\000g\000i\000l\000i\000t\000y}{section.3}% 13
\BOOKMARK [1][-]{section.4}{\376\377\000D\000a\000t\000a\000\040\000a\000n\000d\000\040\000M\000e\000t\000h\000o\000d\000o\000l\000o\000g\000y}{}% 14
\BOOKMARK [2][-]{subsection.4.1}{\376\377\000D\000a\000t\000a\000\040\000S\000o\000u\000r\000c\000e\000s}{section.4}% 15
\BOOKMARK [2][-]{subsection.4.2}{\376\377\000V\000a\000r\000i\000a\000b\000l\000e\000\040\000C\000o\000n\000s\000t\000r\000u\000c\000t\000i\000o\000n}{section.4}% 16
\BOOKMARK [2][-]{subsection.4.3}{\376\377\000E\000s\000t\000i\000m\000a\000t\000i\000o\000n}{section.4}% 17
\BOOKMARK [1][-]{section.5}{\376\377\000T\000h\000e\000\040\000R\000e\000g\000i\000m\000e\000\040\000S\000h\000i\000f\000t\000\040\000i\000n\000\040\000R\000i\000s\000k\000\040\000P\000r\000e\000d\000i\000c\000t\000i\000o\000n}{}% 18
\BOOKMARK [2][-]{subsection.5.1}{\376\377\000T\000h\000r\000e\000s\000h\000o\000l\000d\000\040\000E\000s\000t\000i\000m\000a\000t\000i\000o\000n}{section.5}% 19
\BOOKMARK [2][-]{subsection.5.2}{\376\377\000I\000n\000t\000e\000r\000p\000r\000e\000t\000a\000t\000i\000o\000n}{section.5}% 20
\BOOKMARK [1][-]{section.6}{\376\377\000R\000i\000s\000k\000\040\000I\000n\000d\000i\000c\000a\000t\000o\000r\000s}{}% 21
\BOOKMARK [2][-]{subsection.6.1}{\376\377\000A\000l\000t\000e\000r\000n\000a\000t\000i\000v\000e\000\040\000I\000n\000d\000i\000c\000a\000t\000o\000r\000s}{section.6}% 22
\BOOKMARK [2][-]{subsection.6.2}{\376\377\000S\000i\000g\000n\000\040\000I\000n\000v\000e\000r\000s\000i\000o\000n\000\040\000b\000y\000\040\000I\000n\000d\000i\000c\000a\000t\000o\000r}{section.6}% 23
\BOOKMARK [2][-]{subsection.6.3}{\376\377\000I\000m\000p\000l\000i\000c\000a\000t\000i\000o\000n}{section.6}% 24
\BOOKMARK [1][-]{section.7}{\376\377\000T\000h\000e\000\040\000B\000r\000e\000a\000k\000d\000o\000w\000n\000\040\000o\000f\000\040\000D\000i\000v\000e\000r\000s\000i\000f\000i\000c\000a\000t\000i\000o\000n}{}% 25
\BOOKMARK [2][-]{subsection.7.1}{\376\377\000S\000t\000o\000c\000k\000-\000B\000o\000n\000d\000\040\000C\000o\000r\000r\000e\000l\000a\000t\000i\000o\000n\000s}{section.7}% 26
\BOOKMARK [2][-]{subsection.7.2}{\376\377\000I\000n\000t\000e\000r\000p\000r\000e\000t\000a\000t\000i\000o\000n}{section.7}% 27
\BOOKMARK [1][-]{section.8}{\376\377\000R\000o\000b\000u\000s\000t\000n\000e\000s\000s}{}% 28
\BOOKMARK [2][-]{subsection.8.1}{\376\377\000F\000a\000l\000s\000i\000f\000i\000c\000a\000t\000i\000o\000n\000\040\000a\000n\000d\000\040\000P\000l\000a\000c\000e\000b\000o\000\040\000T\000e\000s\000t\000s}{section.8}% 29
\BOOKMARK [2][-]{subsection.8.2}{\376\377\000S\000u\000b\000s\000a\000m\000p\000l\000e\000\040\000S\000t\000a\000b\000i\000l\000i\000t\000y}{section.8}% 30
\BOOKMARK [2][-]{subsection.8.3}{\376\377\000A\000l\000t\000e\000r\000n\000a\000t\000i\000v\000e\000\040\000M\000e\000a\000s\000u\000r\000e\000s}{section.8}% 31
\BOOKMARK [2][-]{subsection.8.4}{\376\377\000O\000u\000t\000-\000o\000f\000-\000S\000a\000m\000p\000l\000e\000\040\000P\000e\000r\000f\000o\000r\000m\000a\000n\000c\000e}{section.8}% 32
\BOOKMARK [2][-]{subsection.8.5}{\376\377\000V\000o\000l\000a\000t\000i\000l\000i\000t\000y\000\040\000a\000n\000d\000\040\000S\000t\000r\000u\000c\000t\000u\000r\000a\000l\000\040\000S\000t\000a\000t\000e}{section.8}% 33
\BOOKMARK [2][-]{subsection.8.6}{\376\377\000I\000n\000s\000t\000r\000u\000m\000e\000n\000t\000a\000l\000\040\000V\000a\000r\000i\000a\000b\000l\000e\000s}{section.8}% 34
\BOOKMARK [2][-]{subsection.8.7}{\376\377\000A\000S\000F\000\040\000v\000s\000\040\000A\000l\000t\000e\000r\000n\000a\000t\000i\000v\000e\000\040\000I\000n\000d\000i\000c\000a\000t\000o\000r\000s}{section.8}% 35
\BOOKMARK [1][-]{section.9}{\376\377\000E\000c\000o\000n\000o\000m\000i\000c\000\040\000A\000p\000p\000l\000i\000c\000a\000t\000i\000o\000n\000:\000\040\000S\000t\000r\000a\000t\000e\000g\000y\000\040\000B\000a\000c\000k\000t\000e\000s\000t}{}% 36
\BOOKMARK [2][-]{subsection.9.1}{\376\377\000S\000t\000r\000a\000t\000e\000g\000y\000\040\000D\000e\000s\000i\000g\000n}{section.9}% 37
\BOOKMARK [2][-]{subsection.9.2}{\376\377\000P\000e\000r\000f\000o\000r\000m\000a\000n\000c\000e\000\040\000R\000e\000s\000u\000l\000t\000s}{section.9}% 38
\BOOKMARK [2][-]{subsection.9.3}{\376\377\000I\000n\000t\000e\000r\000p\000r\000e\000t\000a\000t\000i\000o\000n}{section.9}% 39
\BOOKMARK [1][-]{section.10}{\376\377\000D\000i\000s\000c\000u\000s\000s\000i\000o\000n}{}% 40
\BOOKMARK [2][-]{subsection.10.1}{\376\377\000S\000u\000m\000m\000a\000r\000y\000\040\000o\000f\000\040\000O\000b\000s\000e\000r\000v\000a\000t\000i\000o\000n\000s}{section.10}% 41
\BOOKMARK [2][-]{subsection.10.2}{\376\377\000V\000a\000r\000i\000a\000n\000c\000e\000\040\000a\000n\000d\000\040\000D\000i\000v\000e\000r\000s\000i\000f\000i\000c\000a\000t\000i\000o\000n}{section.10}% 42
\BOOKMARK [2][-]{subsection.10.3}{\376\377\000M\000i\000n\000s\000k\000y\000\040\000a\000n\000d\000\040\000t\000h\000e\000\040\000V\000o\000l\000a\000t\000i\000l\000i\000t\000y\000\040\000P\000a\000r\000a\000d\000o\000x}{section.10}% 43
\BOOKMARK [2][-]{subsection.10.4}{\376\377\000C\000o\000n\000v\000e\000r\000g\000i\000n\000g\000\040\000V\000i\000e\000w\000s}{section.10}% 44
\BOOKMARK [2][-]{subsection.10.5}{\376\377\000L\000i\000m\000i\000t\000a\000t\000i\000o\000n\000s}{section.10}% 45
\BOOKMARK [2][-]{subsection.10.6}{\376\377\000F\000o\000r\000\040\000P\000r\000a\000c\000t\000i\000t\000i\000o\000n\000e\000r\000s}{section.10}% 46
\BOOKMARK [2][-]{subsection.10.7}{\376\377\000P\000o\000l\000i\000c\000y\000\040\000C\000o\000n\000s\000i\000d\000e\000r\000a\000t\000i\000o\000n\000s}{section.10}% 47
\BOOKMARK [1][-]{section.11}{\376\377\000C\000o\000n\000c\000l\000u\000s\000i\000o\000n}{}% 48
