\BOOKMARK [1][-]{section.1}{\376\377\000A\000d\000d\000i\000t\000i\000o\000n\000a\000l\000\040\000F\000i\000g\000u\000r\000e\000s}{}% 1
\BOOKMARK [2][-]{subsection.1.1}{\376\377\000R\000i\000s\000k\000\040\000S\000u\000r\000f\000a\000c\000e\000\040\000V\000i\000s\000u\000a\000l\000i\000z\000a\000t\000i\000o\000n}{section.1}% 2
\BOOKMARK [2][-]{subsection.1.2}{\376\377\000H\000y\000s\000t\000e\000r\000e\000s\000i\000s\000\040\000D\000y\000n\000a\000m\000i\000c\000s}{section.1}% 3
\BOOKMARK [2][-]{subsection.1.3}{\376\377\000C\000r\000o\000s\000s\000-\000A\000s\000s\000e\000t\000\040\000V\000a\000l\000i\000d\000a\000t\000i\000o\000n}{section.1}% 4
\BOOKMARK [2][-]{subsection.1.4}{\376\377\000R\000o\000l\000l\000i\000n\000g\000\040\000B\000e\000t\000a\000\040\000E\000s\000t\000i\000m\000a\000t\000e\000s}{section.1}% 5
\BOOKMARK [2][-]{subsection.1.5}{\376\377\000S\000e\000n\000s\000i\000t\000i\000v\000i\000t\000y\000\040\000H\000e\000a\000t\000m\000a\000p}{section.1}% 6
\BOOKMARK [2][-]{subsection.1.6}{\376\377\000B\000a\000y\000e\000s\000i\000a\000n\000\040\000T\000h\000r\000e\000s\000h\000o\000l\000d\000\040\000E\000s\000t\000i\000m\000a\000t\000i\000o\000n}{section.1}% 7
\BOOKMARK [2][-]{subsection.1.7}{\376\377\000A\000l\000t\000e\000r\000n\000a\000t\000i\000v\000e\000\040\000I\000n\000d\000i\000c\000a\000t\000o\000r\000\040\000C\000o\000m\000p\000a\000r\000i\000s\000o\000n}{section.1}% 8
\BOOKMARK [1][-]{section.2}{\376\377\000R\000o\000b\000u\000s\000t\000n\000e\000s\000s\000\040\000a\000n\000d\000\040\000S\000e\000n\000s\000i\000t\000i\000v\000i\000t\000y\000\040\000T\000e\000s\000t\000s}{}% 9
\BOOKMARK [2][-]{subsection.2.1}{\376\377\000W\000i\000n\000d\000o\000w\000\040\000S\000i\000z\000e\000\040\000S\000e\000n\000s\000i\000t\000i\000v\000i\000t\000y}{section.2}% 10
\BOOKMARK [2][-]{subsection.2.2}{\376\377\000P\000e\000r\000s\000i\000s\000t\000e\000n\000c\000e\000\040\000P\000a\000r\000a\000m\000e\000t\000e\000r\000\040\000S\000e\000n\000s\000i\000t\000i\000v\000i\000t\000y}{section.2}% 11
\BOOKMARK [2][-]{subsection.2.3}{\376\377\000G\000r\000a\000n\000g\000e\000r\000\040\000C\000a\000u\000s\000a\000l\000i\000t\000y\000\040\000T\000e\000s\000t\000s}{section.2}% 12
\BOOKMARK [2][-]{subsection.2.4}{\376\377\000P\000l\000a\000c\000e\000b\000o\000\040\000T\000e\000s\000t\000\040\000\050\000S\000h\000u\000f\000f\000l\000e\000d\000\040\000T\000i\000m\000e\000\040\000S\000e\000r\000i\000e\000s\000\051}{section.2}% 13
\BOOKMARK [2][-]{subsection.2.5}{\376\377\000S\000u\000r\000r\000o\000g\000a\000t\000e\000\040\000D\000a\000t\000a\000\040\000T\000e\000s\000t}{section.2}% 14
\BOOKMARK [1][-]{section.3}{\376\377\000O\000u\000t\000-\000o\000f\000-\000S\000a\000m\000p\000l\000e\000\040\000a\000n\000d\000\040\000H\000o\000r\000s\000e\000\040\000R\000a\000c\000e\000\040\000T\000e\000s\000t\000s}{}% 15
\BOOKMARK [2][-]{subsection.3.1}{\376\377\000D\000i\000e\000b\000o\000l\000d\000-\000M\000a\000r\000i\000a\000n\000o\000\040\000T\000e\000s\000t\000\040\000R\000e\000s\000u\000l\000t\000s}{section.3}% 16
\BOOKMARK [2][-]{subsection.3.2}{\376\377\000H\000o\000r\000s\000e\000\040\000R\000a\000c\000e\000\040\000R\000e\000g\000r\000e\000s\000s\000i\000o\000n\000\040\000R\000e\000s\000u\000l\000t\000s}{section.3}% 17
\BOOKMARK [1][-]{section.4}{\376\377\000D\000a\000t\000a\000\040\000a\000n\000d\000\040\000V\000a\000r\000i\000a\000b\000l\000e\000\040\000D\000e\000f\000i\000n\000i\000t\000i\000o\000n\000s}{}% 18
\BOOKMARK [2][-]{subsection.4.1}{\376\377\000A\000s\000s\000e\000t\000\040\000U\000n\000i\000v\000e\000r\000s\000e}{section.4}% 19
\BOOKMARK [2][-]{subsection.4.2}{\376\377\000V\000a\000r\000i\000a\000b\000l\000e\000\040\000D\000e\000f\000i\000n\000i\000t\000i\000o\000n\000s}{section.4}% 20
